<?xml version="1.0" encoding="UTF-8"?>
<!-- Generated by org.testng.reporters.JUnitReportReporter -->
<testsuite skipped="0" hostname="RCH-44P6PC2" name="com.kugeci.HomePage" tests="12" failures="0" timestamp="04 Jun 2019 00:06:50 GMT" time="0.917" errors="0">
  <testcase name="testTitle" time="0.007" classname="com.kugeci.HomePage"/>
  <testcase name="testSearch" time="0.025" classname="com.kugeci.HomePage"/>
  <testcase name="testTables" time="0.097" classname="com.kugeci.HomePage"/>
  <testcase name="testCopyrightYear" time="0.053" classname="com.kugeci.HomePage"/>
  <testcase name="testTitle" time="0.003" classname="com.kugeci.HomePage"/>
  <testcase name="testTabs" time="0.212" classname="com.kugeci.HomePage"/>
  <testcase name="testCopyrightYear" time="0.131" classname="com.kugeci.HomePage"/>
  <testcase name="testLanguage" time="0.032" classname="com.kugeci.HomePage"/>
  <testcase name="testTables" time="0.193" classname="com.kugeci.HomePage"/>
  <testcase name="testLanguage" time="0.062" classname="com.kugeci.HomePage"/>
  <testcase name="testSearch" time="0.030" classname="com.kugeci.HomePage"/>
  <testcase name="testTabs" time="0.072" classname="com.kugeci.HomePage"/>
</testsuite> <!-- com.kugeci.HomePage -->
